0 silly input [ 'build' ]
1 silly flags { _: [ 'run' ],
1 silly flags   'reject-cycles': false,
1 silly flags   rejectCycles: false,
1 silly flags   script: 'build',
1 silly flags   args: [] }
2 verbose rootPath /Users/wayne.smith/Dev/shared_services/BankDriveLSMLambda
3 info version 2.10.2
4 silly existsSync /Users/wayne.smith/Dev/shared_services/BankDriveLSMLambda/VERSION
5 silly initialize attempt
6 silly initialize success
7 silly execute attempt
8 silly runScriptInDir build [] incident.orgInfoFromBAInfo
9 silly getExecOpts { cwd: '/Users/wayne.smith/Dev/shared_services/BankDriveLSMLambda/packages/incident.orgInfoFromBAInfo' }
10 silly runScriptInDir build [] incident.verifyBankFiles
11 silly getExecOpts { cwd: '/Users/wayne.smith/Dev/shared_services/BankDriveLSMLambda/packages/incident.verifyBankFiles' }
12 silly runScriptInDir build [] migration.aggregatorPrivateKey
13 silly getExecOpts { cwd: '/Users/wayne.smith/Dev/shared_services/BankDriveLSMLambda/packages/migration.aggregatorPrivateKey' }
14 silly runScriptInDir build [] scheduled.keyRotation
15 silly getExecOpts { cwd: '/Users/wayne.smith/Dev/shared_services/BankDriveLSMLambda/packages/scheduled.keyRotation' }
16 error build Errored while running script in 'orgInfoFromBAInfo'
17 error execute callback with error
18 error Error: Command failed: npm run build
18 error npm ERR! code ELIFECYCLE
18 error npm ERR! errno 1
18 error npm ERR! orgInfoFromBAInfo@1.0.0 build: `serverless package`
18 error npm ERR! Exit status 1
18 error npm ERR!
18 error npm ERR! Failed at the orgInfoFromBAInfo@1.0.0 build script.
18 error npm ERR! This is probably not a problem with npm. There is likely additional logging output above.
18 error
18 error npm ERR! A complete log of this run can be found in:
18 error npm ERR!     /Users/wayne.smith/.npm/_logs/2018-05-30T19_57_58_540Z-debug.log
18 error
18 error > orgInfoFromBAInfo@1.0.0 build /Users/wayne.smith/Dev/shared_services/BankDriveLSMLambda/packages/incident.orgInfoFromBAInfo
18 error > serverless package
18 error
18 error _____CONFIG { entry: { handler: './handler.js' },
18 error   target: 'node',
18 error   node: { __dirname: false },
18 error   externals: [ 'aws-sdk' ],
18 error   module: {},
18 error   plugins: [] }
18 error Serverless: Bundling with Webpack...
18 error Time: [1m1451[39m[22mms
18 error      [1mAsset[39m[22m     [1mSize[39m[22m  [1mChunks[39m[22m  [1m[39m[22m           [1m[39m[22m       [1mChunk Names[39m[22m
18 error [1m[33mhandler.js[39m[22m  [1m[33m1.41 MB[39m[22m       [1m0[39m[22m  [1m[32m[emitted][39m[22m  [1m[33m[big][39m[22m  handler
18 error    [9] [1m/Users/wayne.smith/Dev/shared_services/BankDriveLSMLambda/node_modules/bluebird/js/release/errors.js[39m[22m 3.72 kB {[1m[33m0[39m[22m}[1m[32m [built][39m[22m
18 error   [12] [1m/Users/wayne.smith/Dev/shared_services/BankDriveLSMLambda/node_modules/bluebird/js/release/es5.js[39m[22m 1.98 kB {[1m[33m0[39m[22m}[1m[32m [built][39m[22m
18 error   [21] [1m/Users/wayne.smith/Dev/shared_services/BankDriveLSMLambda/node_modules/bluebird/js/release/bluebird.js[39m[22m 291 bytes {[1m[33m0[39m[22m}[1m[32m [built][39m[22m
18 error   [39] [1m/Users/wayne.smith/Dev/shared_services/BankDriveLSMLambda/node_modules/mongodb/lib/topologies/server.js[39m[22m 15 kB {[1m[33m0[39m[22m}[1m[32m [built][39m[22m
18 error   [50] [1mexternal "aws-sdk"[39m[22m 42 bytes {[1m[33m0[39m[22m}[1m[31m [not cacheable][39m[22m
18 error   [65] [1m./handler.js[39m[22m 7.19 kB {[1m[33m0[39m[22m}[1m[32m [built][39m[22m
18 error   [66] [1m/Users/wayne.smith/Dev/shared_services/BankDriveLSMLambda/node_modules/bluebird/js/release/promise.js[39m[22m 25.8 kB {[1m[33m0[39m[22m}[1m[32m [built][39m[22m
18 error   [95] [1m/Users/wayne.smith/Dev/shared_services/BankDriveLSMLambda/node_modules/bluebird/js/release/any.js[39m[22m 421 bytes {[1m[33m0[39m[22m}[1m[32m [built][39m[22m
18 error   [96] [1m../internal.parameterStoreStaticLoader/index.js[39m[22m 121 bytes {[1m[33m0[39m[22m}[1m[32m [built][39m[22m
18 error   [97] [1m../internal.parameterStoreStaticLoader/ParameterStoreStaticLoader.js[39m[22m 2.08 kB {[1m[33m0[39m[22m}[1m[32m [built][39m[22m
18 error   [98] [1m../internal.services.db/index.js[39m[22m 1.87 kB {[1m[33m0[39m[22m}[1m[32m [built][39m[22m
18 error   [99] [1m/Users/wayne.smith/Dev/shared_services/BankDriveLSMLambda/node_modules/mongodb/index.js[39m[22m 2.1 kB {[1m[33m0[39m[22m}[1m[32m [built][39m[22m
18 error  [134] [1m/Users/wayne.smith/Dev/shared_services/BankDriveLSMLambda/node_modules/mongodb/lib/gridfs/grid_store.js[39m[22m 65.8 kB {[1m[33m0[39m[22m}[1m[32m [built][39m[22m
18 error  [135] [1m/Users/wayne.smith/Dev/shared_services/BankDriveLSMLambda/node_modules/mongodb/lib/gridfs-stream/index.js[39m[22m 10.9 kB {[1m[33m0[39m[22m}[1m[32m [built][39m[22m
18 error  [138] [1m../internal.services.s3/index.js[39m[22m 1.96 kB {[1m[33m0[39m[22m}[1m[32m [built][39m[22m
18 error     + 124 hidden modules
18 error
18 error [1m[33mWARNING in /Users/wayne.smith/Dev/shared_services/BankDriveLSMLambda/node_modules/require_optional/index.js
18 error 82:18-42 Critical dependency: the request of a dependency is an expression
18 error  @ /Users/wayne.smith/Dev/shared_services/BankDriveLSMLambda/node_modules/require_optional/index.js
18 error  @ /Users/wayne.smith/Dev/shared_services/BankDriveLSMLambda/node_modules/mongodb-core/index.js
18 error  @ /Users/wayne.smith/Dev/shared_services/BankDriveLSMLambda/node_modules/mongodb/index.js
18 error  @ ../internal.services.db/index.js
18 error  @ ./handler.js[39m[22m
18 error
18 error [1m[33mWARNING in /Users/wayne.smith/Dev/shared_services/BankDriveLSMLambda/node_modules/require_optional/index.js
18 error 90:20-44 Critical dependency: the request of a dependency is an expression
18 error  @ /Users/wayne.smith/Dev/shared_services/BankDriveLSMLambda/node_modules/require_optional/index.js
18 error  @ /Users/wayne.smith/Dev/shared_services/BankDriveLSMLambda/node_modules/mongodb-core/index.js
18 error  @ /Users/wayne.smith/Dev/shared_services/BankDriveLSMLambda/node_modules/mongodb/index.js
18 error  @ ../internal.services.db/index.js
18 error  @ ./handler.js[39m[22m
18 error
18 error [1m[33mWARNING in /Users/wayne.smith/Dev/shared_services/BankDriveLSMLambda/node_modules/require_optional/index.js
18 error 97:35-67 Critical dependency: the request of a dependency is an expression
18 error  @ /Users/wayne.smith/Dev/shared_services/BankDriveLSMLambda/node_modules/require_optional/index.js
18 error  @ /Users/wayne.smith/Dev/shared_services/BankDriveLSMLambda/node_modules/mongodb-core/index.js
18 error  @ /Users/wayne.smith/Dev/shared_services/BankDriveLSMLambda/node_modules/mongodb/index.js
18 error  @ ../internal.services.db/index.js
18 error  @ ./handler.js[39m[22m
18 error
18 error   Syntax Error -------------------------------------------
18 error
18 error   Unexpected end of JSON input
18 error
18 error      For debugging logs, run again after setting the "SLS_DEBUG=*" environment variable.
18 error
18 error   Get Support --------------------------------------------
18 error      Docs:          docs.serverless.com
18 error      Bugs:          github.com/serverless/serverless/issues
18 error      Forums:        forum.serverless.com
18 error      Chat:          gitter.im/serverless/serverless
18 error
18 error   Your Environment Information -----------------------------
18 error      OS:                     darwin
18 error      Node Version:           6.11.5
18 error      Serverless Version:     1.24.1
18 error
18 error
18 error     at Promise.all.then.arr (/Users/wayne.smith/Dev/shared_services/BankDriveLSMLambda/node_modules/execa/index.js:236:11)
