0 info it worked if it ends with ok
1 verbose cli [ '/usr/bin/node', '/usr/bin/npm', 'run', 'build' ]
2 info using npm@3.5.2
3 info using node@v6.11.4
4 warn invalid config loglevel="notice"
5 verbose run-script [ 'prebuild', 'build', 'postbuild' ]
6 info lifecycle scheduled-key-rotation@1.0.0~prebuild: scheduled-key-rotation@1.0.0
7 verbose lifecycle scheduled-key-rotation@1.0.0~prebuild: unsafe-perm in lifecycle true
8 verbose lifecycle scheduled-key-rotation@1.0.0~prebuild: PATH: /usr/share/npm/bin/node-gyp-bin:/home/philmunro/Workspace/BankDriveLSMLambda/packages/scheduled.keyRotation/node_modules/.bin:/home/philmunro/Workspace/BankDriveLSMLambda/packages/scheduled.keyRotation/node_modules/.bin:/home/philmunro/Workspace/BankDriveLSMLambda/packages/node_modules/.bin:/home/philmunro/Workspace/BankDriveLSMLambda/node_modules/.bin:/home/philmunro/Workspace/node_modules/.bin:/home/philmunro/node_modules/.bin:/home/node_modules/.bin:/node_modules/.bin:/usr/bin:/usr/local/lib/node_modules/npm/node_modules/npm-lifecycle/node-gyp-bin:/home/philmunro/Workspace/BankDriveLSMLambda/node_modules/.bin:/home/philmunro/bin:/home/philmunro/.local/bin:/home/philmunro/bin:/home/philmunro/.local/bin:/usr/local/sbin:/usr/local/bin:/usr/sbin:/usr/bin:/sbin:/bin:/usr/games:/usr/local/games:/snap/bin:/usr/lib/jvm/java-8-oracle/bin:/usr/lib/jvm/java-8-oracle/db/bin:/usr/lib/jvm/java-8-oracle/jre/bin:/usr/lib/jvm/java-8-oracle/bin:/usr/lib/jvm/java-8-oracle/db/bin:/usr/lib/jvm/java-8-oracle/jre/bin
9 verbose lifecycle scheduled-key-rotation@1.0.0~prebuild: CWD: /home/philmunro/Workspace/BankDriveLSMLambda/packages/scheduled.keyRotation
10 silly lifecycle scheduled-key-rotation@1.0.0~prebuild: Args: [ '-c', 'npm install --only=production' ]
11 silly lifecycle scheduled-key-rotation@1.0.0~prebuild: Returned: code: 0  signal: null
12 info lifecycle scheduled-key-rotation@1.0.0~build: scheduled-key-rotation@1.0.0
13 verbose lifecycle scheduled-key-rotation@1.0.0~build: unsafe-perm in lifecycle true
14 verbose lifecycle scheduled-key-rotation@1.0.0~build: PATH: /usr/share/npm/bin/node-gyp-bin:/home/philmunro/Workspace/BankDriveLSMLambda/packages/scheduled.keyRotation/node_modules/.bin:/home/philmunro/Workspace/BankDriveLSMLambda/packages/scheduled.keyRotation/node_modules/.bin:/home/philmunro/Workspace/BankDriveLSMLambda/packages/node_modules/.bin:/home/philmunro/Workspace/BankDriveLSMLambda/node_modules/.bin:/home/philmunro/Workspace/node_modules/.bin:/home/philmunro/node_modules/.bin:/home/node_modules/.bin:/node_modules/.bin:/usr/bin:/usr/local/lib/node_modules/npm/node_modules/npm-lifecycle/node-gyp-bin:/home/philmunro/Workspace/BankDriveLSMLambda/node_modules/.bin:/home/philmunro/bin:/home/philmunro/.local/bin:/home/philmunro/bin:/home/philmunro/.local/bin:/usr/local/sbin:/usr/local/bin:/usr/sbin:/usr/bin:/sbin:/bin:/usr/games:/usr/local/games:/snap/bin:/usr/lib/jvm/java-8-oracle/bin:/usr/lib/jvm/java-8-oracle/db/bin:/usr/lib/jvm/java-8-oracle/jre/bin:/usr/lib/jvm/java-8-oracle/bin:/usr/lib/jvm/java-8-oracle/db/bin:/usr/lib/jvm/java-8-oracle/jre/bin
15 verbose lifecycle scheduled-key-rotation@1.0.0~build: CWD: /home/philmunro/Workspace/BankDriveLSMLambda/packages/scheduled.keyRotation
16 silly lifecycle scheduled-key-rotation@1.0.0~build: Args: [ '-c', 'serverless package' ]
17 info lifecycle scheduled-key-rotation@1.0.0~build: Failed to exec build script
18 verbose stack Error: scheduled-key-rotation@1.0.0 build: `serverless package`
18 verbose stack spawn ENOENT
18 verbose stack     at ChildProcess.<anonymous> (/usr/share/npm/lib/utils/spawn.js:17:16)
18 verbose stack     at emitTwo (events.js:106:13)
18 verbose stack     at ChildProcess.emit (events.js:191:7)
18 verbose stack     at maybeClose (internal/child_process.js:920:16)
18 verbose stack     at Process.ChildProcess._handle.onexit (internal/child_process.js:230:5)
19 verbose pkgid scheduled-key-rotation@1.0.0
20 verbose cwd /home/philmunro/Workspace/BankDriveLSMLambda/packages/scheduled.keyRotation
21 error Linux 4.13.0-43-generic
22 error argv "/usr/bin/node" "/usr/bin/npm" "run" "build"
23 error node v6.11.4
24 error npm  v3.5.2
25 error file sh
26 error code ELIFECYCLE
27 error errno ENOENT
28 error syscall spawn
29 error scheduled-key-rotation@1.0.0 build: `serverless package`
29 error spawn ENOENT
30 error Failed at the scheduled-key-rotation@1.0.0 build script 'serverless package'.
30 error Make sure you have the latest version of node.js and npm installed.
30 error If you do, this is most likely a problem with the scheduled-key-rotation package,
30 error not with npm itself.
30 error Tell the author that this fails on your system:
30 error     serverless package
30 error You can get information on how to open an issue for this project with:
30 error     npm bugs scheduled-key-rotation
30 error Or if that isn't available, you can get their info via:
30 error     npm owner ls scheduled-key-rotation
30 error There is likely additional logging output above.
31 verbose exit [ 1, true ]
